<?xml version="1.0" encoding="UTF-8"?>
<!-- Generated by org.testng.reporters.JUnitReportReporter -->
<testsuite skipped="0" hostname="REMOTE-SUNILN" name="GitTest.TestGitPushPull" tests="3" failures="0" timestamp="26 Mar 2018 12:08:57 GMT" time="0.045" errors="0">
  <testcase name="doLogout" time="0.023" classname="GitTest.TestGitPushPull"/>
  <testcase name="doPasswordChange" time="0.017" classname="GitTest.TestGitPushPull"/>
  <testcase name="doLogin" time="0.005" classname="GitTest.TestGitPushPull"/>
</testsuite> <!-- GitTest.TestGitPushPull -->
